-------------------------------------------------------------------------------
Test set: TestSuite
-------------------------------------------------------------------------------
Tests run: 6, Failures: 1, Errors: 0, Skipped: 1, Time elapsed: 31.565 sec <<< FAILURE! - in TestSuite
searchHotelwithMinimumPrice(learning.testScripts.DeliveryHeroTest)  Time elapsed: 6.71 sec  <<< FAILURE!
java.lang.NullPointerException
	at learning.testScripts.DeliveryHeroTest.searchHotelwithMinimumPrice(DeliveryHeroTest.java:66)

