<?xml version="1.0" encoding="UTF-8"?>
<testng-results skipped="1" failed="1" total="6" passed="4">
  <reporter-output>
  </reporter-output>
  <suite name="Practice Automation" duration-ms="28197" started-at="2019-04-17T08:23:07Z" finished-at="2019-04-17T08:23:36Z">
    <groups>
    </groups>
    <test name="Agoda HotelBooking Test" duration-ms="12186" started-at="2019-04-17T08:23:07Z" finished-at="2019-04-17T08:23:20Z">
      <class name="learning.testScripts.AgodaTest">
        <test-method status="PASS" signature="init(java.lang.String, java.lang.String, org.testng.ITestContext)[pri:0, instance:learning.testScripts.AgodaTest@32a068d1]" name="init" is-config="true" duration-ms="8192" started-at="2019-04-17T13:53:07Z" finished-at="2019-04-17T13:53:16Z">
          <params>
            <param index="0">
              <value>
                <![CDATA[https://www.agoda.com/]]>
              </value>
            </param>
            <param index="1">
              <value>
                <![CDATA[chrome]]>
              </value>
            </param>
            <param index="2">
              <value>
                <![CDATA[org.testng.TestRunner@40f1be1b]]>
              </value>
            </param>
          </params>
          <reporter-output>
          </reporter-output>
        </test-method> <!-- init -->
        <test-method status="PASS" signature="enterDetails()[pri:1, instance:learning.testScripts.AgodaTest@32a068d1]" name="enterDetails" duration-ms="1108" started-at="2019-04-17T13:53:16Z" finished-at="2019-04-17T13:53:17Z">
          <reporter-output>
          </reporter-output>
        </test-method> <!-- enterDetails -->
        <test-method status="PASS" signature="searchHotelwithMinimumPrice()[pri:0, instance:learning.testScripts.AgodaTest@32a068d1]" name="searchHotelwithMinimumPrice" duration-ms="806" started-at="2019-04-17T13:53:17Z" depends-on-methods="learning.testScripts.AgodaTest.enterDetails" finished-at="2019-04-17T13:53:18Z">
          <reporter-output>
          </reporter-output>
        </test-method> <!-- searchHotelwithMinimumPrice -->
        <test-method status="PASS" signature="confirmBooking()[pri:0, instance:learning.testScripts.AgodaTest@32a068d1]" name="confirmBooking" duration-ms="876" started-at="2019-04-17T13:53:18Z" depends-on-methods="learning.testScripts.AgodaTest.searchHotelwithMinimumPrice" finished-at="2019-04-17T13:53:18Z">
          <reporter-output>
          </reporter-output>
        </test-method> <!-- confirmBooking -->
        <test-method status="PASS" signature="closeBrowser()[pri:0, instance:learning.testScripts.AgodaTest@32a068d1]" name="closeBrowser" is-config="true" duration-ms="1178" started-at="2019-04-17T13:53:18Z" finished-at="2019-04-17T13:53:20Z">
          <reporter-output>
          </reporter-output>
        </test-method> <!-- closeBrowser -->
      </class> <!-- learning.testScripts.AgodaTest -->
    </test> <!-- Agoda HotelBooking Test -->
    <test name="Delivery Hero Test" duration-ms="15953" started-at="2019-04-17T08:23:20Z" finished-at="2019-04-17T08:23:36Z">
      <class name="learning.testScripts.DeliveryHeroTest">
        <test-method status="PASS" signature="instantiateExtentReport()[pri:0, instance:learning.testScripts.DeliveryHeroTest@21a947fe]" name="instantiateExtentReport" is-config="true" duration-ms="207" started-at="2019-04-17T13:53:07Z" finished-at="2019-04-17T13:53:07Z">
          <reporter-output>
          </reporter-output>
        </test-method> <!-- instantiateExtentReport -->
        <test-method status="PASS" signature="init(java.lang.String, java.lang.String, org.testng.ITestContext)[pri:0, instance:learning.testScripts.DeliveryHeroTest@21a947fe]" name="init" is-config="true" duration-ms="6500" started-at="2019-04-17T13:53:20Z" finished-at="2019-04-17T13:53:26Z">
          <params>
            <param index="0">
              <value>
                <![CDATA[https://www.deliveryhero.com/]]>
              </value>
            </param>
            <param index="1">
              <value>
                <![CDATA[chrome]]>
              </value>
            </param>
            <param index="2">
              <value>
                <![CDATA[org.testng.TestRunner@14c01636]]>
              </value>
            </param>
          </params>
          <reporter-output>
          </reporter-output>
        </test-method> <!-- init -->
        <test-method status="PASS" signature="enterDetails()[pri:1, instance:learning.testScripts.DeliveryHeroTest@21a947fe]" name="enterDetails" duration-ms="1705" started-at="2019-04-17T13:53:26Z" finished-at="2019-04-17T13:53:28Z">
          <reporter-output>
          </reporter-output>
        </test-method> <!-- enterDetails -->
        <test-method status="FAIL" signature="searchHotelwithMinimumPrice()[pri:0, instance:learning.testScripts.DeliveryHeroTest@21a947fe]" name="searchHotelwithMinimumPrice" duration-ms="6699" started-at="2019-04-17T13:53:28Z" depends-on-methods="learning.testScripts.DeliveryHeroTest.enterDetails" finished-at="2019-04-17T13:53:35Z">
          <exception class="java.lang.NullPointerException">
            <full-stacktrace>
              <![CDATA[java.lang.NullPointerException
	at learning.testScripts.KeywordLibrary.isDisplayed(KeywordLibrary.java:65)
	at learning.testScripts.DeliveryHeroTest.searchHotelwithMinimumPrice(DeliveryHeroTest.java:66)
	at sun.reflect.NativeMethodAccessorImpl.invoke0(Native Method)
	at sun.reflect.NativeMethodAccessorImpl.invoke(NativeMethodAccessorImpl.java:62)
	at sun.reflect.DelegatingMethodAccessorImpl.invoke(DelegatingMethodAccessorImpl.java:43)
	at java.lang.reflect.Method.invoke(Method.java:498)
	at org.testng.internal.MethodInvocationHelper.invokeMethod(MethodInvocationHelper.java:86)
	at org.testng.internal.Invoker.invokeMethod(Invoker.java:643)
	at org.testng.internal.Invoker.invokeTestMethod(Invoker.java:820)
	at org.testng.internal.Invoker.invokeTestMethods(Invoker.java:1128)
	at org.testng.internal.TestMethodWorker.invokeTestMethods(TestMethodWorker.java:129)
	at org.testng.internal.TestMethodWorker.run(TestMethodWorker.java:112)
	at org.testng.TestRunner.privateRun(TestRunner.java:782)
	at org.testng.TestRunner.run(TestRunner.java:632)
	at org.testng.SuiteRunner.runTest(SuiteRunner.java:366)
	at org.testng.SuiteRunner.runSequentially(SuiteRunner.java:361)
	at org.testng.SuiteRunner.privateRun(SuiteRunner.java:319)
	at org.testng.SuiteRunner.run(SuiteRunner.java:268)
	at org.testng.SuiteRunnerWorker.runSuite(SuiteRunnerWorker.java:52)
	at org.testng.SuiteRunnerWorker.run(SuiteRunnerWorker.java:86)
	at org.testng.TestNG.runSuitesSequentially(TestNG.java:1244)
	at org.testng.TestNG.runSuitesLocally(TestNG.java:1169)
	at org.testng.TestNG.run(TestNG.java:1064)
	at org.apache.maven.surefire.testng.TestNGExecutor.run(TestNGExecutor.java:281)
	at org.apache.maven.surefire.testng.TestNGXmlTestSuite.execute(TestNGXmlTestSuite.java:75)
	at org.apache.maven.surefire.testng.TestNGProvider.invoke(TestNGProvider.java:121)
	at org.apache.maven.surefire.booter.ForkedBooter.invokeProviderInSameClassLoader(ForkedBooter.java:290)
	at org.apache.maven.surefire.booter.ForkedBooter.runSuitesInProcess(ForkedBooter.java:242)
	at org.apache.maven.surefire.booter.ForkedBooter.main(ForkedBooter.java:121)
]]>
            </full-stacktrace>
          </exception> <!-- java.lang.NullPointerException -->
          <reporter-output>
          </reporter-output>
        </test-method> <!-- searchHotelwithMinimumPrice -->
        <test-method status="SKIP" signature="confirmBooking()[pri:0, instance:learning.testScripts.DeliveryHeroTest@21a947fe]" name="confirmBooking" duration-ms="0" started-at="2019-04-17T13:53:35Z" depends-on-methods="learning.testScripts.DeliveryHeroTest.searchHotelwithMinimumPrice" finished-at="2019-04-17T13:53:35Z">
          <exception class="java.lang.Throwable">
            <message>
              <![CDATA[Method DeliveryHeroTest.confirmBooking()[pri:0, instance:learning.testScripts.DeliveryHeroTest@21a947fe] depends on not successfully finished methods]]>
            </message>
            <full-stacktrace>
              <![CDATA[java.lang.Throwable: Method DeliveryHeroTest.confirmBooking()[pri:0, instance:learning.testScripts.DeliveryHeroTest@21a947fe] depends on not successfully finished methods
	at org.testng.internal.Invoker.invokeTestMethods(Invoker.java:1037)
	at org.testng.internal.TestMethodWorker.invokeTestMethods(TestMethodWorker.java:129)
	at org.testng.internal.TestMethodWorker.run(TestMethodWorker.java:112)
	at org.testng.TestRunner.privateRun(TestRunner.java:782)
	at org.testng.TestRunner.run(TestRunner.java:632)
	at org.testng.SuiteRunner.runTest(SuiteRunner.java:366)
	at org.testng.SuiteRunner.runSequentially(SuiteRunner.java:361)
	at org.testng.SuiteRunner.privateRun(SuiteRunner.java:319)
	at org.testng.SuiteRunner.run(SuiteRunner.java:268)
	at org.testng.SuiteRunnerWorker.runSuite(SuiteRunnerWorker.java:52)
	at org.testng.SuiteRunnerWorker.run(SuiteRunnerWorker.java:86)
	at org.testng.TestNG.runSuitesSequentially(TestNG.java:1244)
	at org.testng.TestNG.runSuitesLocally(TestNG.java:1169)
	at org.testng.TestNG.run(TestNG.java:1064)
	at org.apache.maven.surefire.testng.TestNGExecutor.run(TestNGExecutor.java:281)
	at org.apache.maven.surefire.testng.TestNGXmlTestSuite.execute(TestNGXmlTestSuite.java:75)
	at org.apache.maven.surefire.testng.TestNGProvider.invoke(TestNGProvider.java:121)
	at org.apache.maven.surefire.booter.ForkedBooter.invokeProviderInSameClassLoader(ForkedBooter.java:290)
	at org.apache.maven.surefire.booter.ForkedBooter.runSuitesInProcess(ForkedBooter.java:242)
	at org.apache.maven.surefire.booter.ForkedBooter.main(ForkedBooter.java:121)
]]>
            </full-stacktrace>
          </exception> <!-- java.lang.Throwable -->
          <reporter-output>
          </reporter-output>
        </test-method> <!-- confirmBooking -->
        <test-method status="PASS" signature="closeBrowser()[pri:0, instance:learning.testScripts.DeliveryHeroTest@21a947fe]" name="closeBrowser" is-config="true" duration-ms="1037" started-at="2019-04-17T13:53:35Z" finished-at="2019-04-17T13:53:36Z">
          <reporter-output>
          </reporter-output>
        </test-method> <!-- closeBrowser -->
        <test-method status="PASS" signature="reportFlush()[pri:0, instance:learning.testScripts.DeliveryHeroTest@21a947fe]" name="reportFlush" is-config="true" duration-ms="451" started-at="2019-04-17T13:53:36Z" finished-at="2019-04-17T13:53:36Z">
          <reporter-output>
          </reporter-output>
        </test-method> <!-- reportFlush -->
      </class> <!-- learning.testScripts.DeliveryHeroTest -->
    </test> <!-- Delivery Hero Test -->
  </suite> <!-- Practice Automation -->
</testng-results>
