<?xml version="1.0" encoding="UTF-8"?>
<testsuite xmlns:xsi="http://www.w3.org/2001/XMLSchema-instance" xsi:schemaLocation="https://maven.apache.org/surefire/maven-surefire-plugin/xsd/surefire-test-report.xsd" name="TestSuite" time="31.565" tests="6" errors="0" skipped="1" failures="1">
  <properties>
[...]
</properties>
  <testcase name="enterDetails" classname="learning.testScripts.AgodaTest" time="1.108"/>
  <testcase name="searchHotelwithMinimumPrice" classname="learning.testScripts.AgodaTest" time="0.804"/>
  <testcase name="confirmBooking" classname="learning.testScripts.AgodaTest" time="0.877"/>
  <testcase name="enterDetails" classname="learning.testScripts.DeliveryHeroTest" time="1.705"/>
  <testcase name="searchHotelwithMinimumPrice" classname="learning.testScripts.DeliveryHeroTest" time="6.71">
    <failure type="java.lang.NullPointerException">java.lang.NullPointerException
	at learning.testScripts.DeliveryHeroTest.searchHotelwithMinimumPrice(DeliveryHeroTest.java:66)
</failure>
    <system-out><![CDATA[Inside Test Method 2
Could not locate the element with xpath = //*[@data-selenium='textInput']]
org.openqa.selenium.TimeoutException: Expected condition failed: waiting for visibility of element located by By.xpath: //*[@data-selenium='textInput']] (tried for 5 second(s) with 500 milliseconds interval)
]]></system-out>
  </testcase>
  <testcase name="confirmBooking" classname="learning.testScripts.DeliveryHeroTest" time="0">
    <skipped message="Method DeliveryHeroTest.confirmBooking()[pri:0, instance:learning.testScripts.DeliveryHeroTest@21a947fe] depends on not successfully finished methods"/>
  </testcase>
</testsuite>